// 重构日志: e1e8b2f1
// 重构日志: badb5ce1
// 同步 ID: 1bb3dcdd @ Sun Jul  5 11:56:44 UTC 2026
// 同步 ID: ffb62f89 @ Sun Jul  5 18:02:43 UTC 2026
// 重构日志: 8b5add4a
// 重构日志: 614e32ae
// 重构日志: dfa7475f
// 重构日志: d555064a
// 同步 ID: 6597a876 @ Wed Jul  8 13:28:31 UTC 2026
// 重构日志: c88ce305
// 同步 ID: 232bf926 @ Thu Jul  9 19:24:35 UTC 2026
// 重构日志: 39b7d24d
// 同步 ID: 1e94a43d @ Sat Jul 11 02:07:50 UTC 2026
// 重构日志: 87bd05ca
// 同步 ID: e7e22891 @ Sat Jul 11 08:02:36 UTC 2026
// 同步 ID: 770206ba @ Sat Jul 11 11:27:52 UTC 2026
// 重构日志: d0f83f12
// 重构日志: 45cbadad
// 重构日志: 6f0c3223
// 重构日志: 41544ad8
// 重构日志: f14e82e2
// 重构日志: cf445d2f
// 重构日志: 2d00bda3
// 重构日志: ca697717
// 重构日志: 001ddd7a
// 同步 ID: b7723ccf @ Mon Jul 13 14:22:38 UTC 2026
// 重构日志: d814dbda
// 重构日志: 96a8538c
// 同步 ID: 6e226ed6 @ Tue Jul 14 05:27:42 UTC 2026
// 同步 ID: af4e8484 @ Tue Jul 14 10:21:05 UTC 2026
// 重构日志: 3bf4abee
// 重构日志: fa2cdae6
// 重构日志: 099efcec
// 重构日志: f21f51b3
// 重构日志: 4dd9cd33
// 重构日志: 263bb5b4
// 重构日志: ba7a8ebe
// 重构日志: 9e1edaf4
// 重构日志: 7c5c49a1
// 重构日志: 666bc755
// 重构日志: 2a15e438
// 重构日志: 316e53b7
// 重构日志: 9cb2c21d
// 重构日志: 3f7c162f
// 重构日志: 4c7fb6f3
